Removed Member From Class: ClassName=GRITS Pi Hat Member=U?
Added Component: Designator=C1(CL10A105KB8NNNC)
Add component (AddParameter): Name = "Value"; Value = "1uF"; VariantName = "[No Variations]"
Added Component: Designator=U1(FP-D0008B-IPC_A)
Add component (AddParameter): Name = "Case/Package"; Value = "VSSOP"; VariantName = "[No Variations]"
Add component (AddParameter): Name = "Data Rate"; Value = "300Kbps"; VariantName = "[No Variations]"
Add component (AddParameter): Name = "Gain Bandwidth Product"; Value = "10MHz"; VariantName = "[No Variations]"
Add component (AddParameter): Name = "Input Bias Current"; Value = "8pA"; VariantName = "[No Variations]"
Add component (AddParameter): Name = "Input Offset Voltage (Vos)"; Value = "200uV"; VariantName = "[No Variations]"
Add component (AddParameter): Name = "Max Operating Temperature"; Value = "125°C"; VariantName = "[No Variations]"
Add component (AddParameter): Name = "Min Operating Temperature"; Value = "-40°C"; VariantName = "[No Variations]"
Add component (AddParameter): Name = "Mount"; Value = "Surface Mount"; VariantName = "[No Variations]"
Add component (AddParameter): Name = "Number of Circuits"; Value = "1"; VariantName = "[No Variations]"
Add component (AddParameter): Name = "Operating Supply Current"; Value = "1.6mA"; VariantName = "[No Variations]"
Add component (AddParameter): Name = "Output Current per Channel"; Value = "75mA"; VariantName = "[No Variations]"
Add component (AddParameter): Name = "Packaging"; Value = "Tape and Reel"; VariantName = "[No Variations]"
Add component (AddParameter): Name = "Receiver Hysteresis"; Value = "50mV"; VariantName = "[No Variations]"
Add component (AddParameter): Name = "RoHS Compliant"; Value = "Yes"; VariantName = "[No Variations]"
Add component (AddParameter): Name = "Simplex/Duplex"; Value = "Half Duplex"; VariantName = "[No Variations]"
Add component (AddParameter): Name = "Slew Rate"; Value = "10V/µs"; VariantName = "[No Variations]"
Added Component: Designator=U2(SMTC-SOT23-3_V)
Add component (AddParameter): Name = "Clamping Voltage"; Value = "26V/12V"; VariantName = "[No Variations]"
Add component (AddParameter): Name = "Configuration"; Value = "Dual"; VariantName = "[No Variations]"
Add component (AddParameter): Name = "Datasheet URL"; Value = "https://datasheet.ciiva.com/18065/getdatasheetpartid-110620-18065348.pdf"; VariantName = "[No Variations]"
Add component (AddParameter): Name = "Datasheet Version"; Value = "Nov-04"; VariantName = "[No Variations]"
Add component (AddParameter): Name = "Direction Type"; Value = "Bi-Directional"; VariantName = "[No Variations]"
Add component (AddParameter): Name = "Leakage Current"; Value = "1uA/20uA"; VariantName = "[No Variations]"
Add component (AddParameter): Name = "Leakage Current (Max)"; Value = "0.02uA"; VariantName = "[No Variations]"
Add component (AddParameter): Name = "Manufacturer"; Value = "Semtech"; VariantName = "[No Variations]"
Add component (AddParameter): Name = "Manufacturer URL"; Value = "http://www.semtech.com/"; VariantName = "[No Variations]"
Add component (AddParameter): Name = "Mounting"; Value = "SurfaceMount"; VariantName = "[No Variations]"
Add component (AddParameter): Name = "Mounting Style"; Value = "SurfaceMount"; VariantName = "[No Variations]"
Add component (AddParameter): Name = "Number of Elements"; Value = "2"; VariantName = "[No Variations]"
Add component (AddParameter): Name = "Operating Temp Range"; Value = "-55Cto125C"; VariantName = "[No Variations]"
Add component (AddParameter): Name = "Operating Temperature Classification"; Value = "Military"; VariantName = "[No Variations]"
Add component (AddParameter): Name = "Operating Temperature Max Deg. C"; Value = "125C"; VariantName = "[No Variations]"
Add component (AddParameter): Name = "Operating Temperature Min Deg. C"; Value = "-55C"; VariantName = "[No Variations]"
Add component (AddParameter): Name = "Package / Case"; Value = "SOT-23"; VariantName = "[No Variations]"
Add component (AddParameter): Name = "Package Description"; Value = "3-Pin Small Outline Transistor, Body 2.9 x 1.3 mm, Pitch 0.95 mm"; VariantName = "[No Variations]"
Add component (AddParameter): Name = "Package Reference"; Value = "SOT23-3"; VariantName = "[No Variations]"
Add component (AddParameter): Name = "Packaging"; Value = "TapeandReel"; VariantName = "[No Variations]"
Add component (AddParameter): Name = "Peak Pulse Current"; Value = "17A"; VariantName = "[No Variations]"
Add component (AddParameter): Name = "Peak Pulse Power Dissipation"; Value = "400W"; VariantName = "[No Variations]"
Add component (AddParameter): Name = "Pin Count"; Value = "3"; VariantName = "[No Variations]"
Add component (AddParameter): Name = "Polarity"; Value = "Bi-Directional"; VariantName = "[No Variations]"
Add component (AddParameter): Name = "Product Depth (mm)"; Value = "1.3mm"; VariantName = "[No Variations]"
Add component (AddParameter): Name = "Product Height (mm)"; Value = "0.95mm"; VariantName = "[No Variations]"
Add component (AddParameter): Name = "Product Length (mm)"; Value = "2.9mm"; VariantName = "[No Variations]"
Add component (AddParameter): Name = "Rad Hardened"; Value = "No"; VariantName = "[No Variations]"
Add component (AddParameter): Name = "Reverse Breakdown Voltage"; Value = "13.3V"; VariantName = "[No Variations]"
Add component (AddParameter): Name = "Reverse Stand-off Voltage"; Value = "12V"; VariantName = "[No Variations]"
Add component (AddParameter): Name = "Suppressor Type"; Value = "TVS"; VariantName = "[No Variations]"
Add component (AddParameter): Name = "Test Current (It)"; Value = "1mA"; VariantName = "[No Variations]"
Add component (AddParameter): Name = "Working Voltage"; Value = "12V/7V"; VariantName = "[No Variations]"
Added Pin To Net: NetName=+5 Pin=C1-1
Added Pin To Net: NetName=+5 Pin=U1-8
Added Net: Name=+5
Added Pin To Net: NetName=GND Pin=C1-2
Added Pin To Net: NetName=GND Pin=U1-5
Added Pin To Net: NetName=GND Pin=U2-3
Added Net: Name=GND
Added Pin To Net: NetName=RS485_N Pin=U1-7
Added Pin To Net: NetName=RS485_N Pin=U2-2
Added Net: Name=RS485_N
Added Pin To Net: NetName=RS485_P Pin=U1-6
Added Pin To Net: NetName=RS485_P Pin=U2-1
Added Net: Name=RS485_P
Added Pin To Net: NetName=UART1_RX Pin=*-28
Added Pin To Net: NetName=UART1_RX Pin=U1-1
Added Net: Name=UART1_RX
Added Pin To Net: NetName=UART1_TX Pin=*-27
Added Pin To Net: NetName=UART1_TX Pin=U1-4
Added Net: Name=UART1_TX
Added Member To Class: ClassName=GRITS Pi Hat Member=Component C1 CL10A105KB8NNNC
Add Class Member: Failed to add class member : Component R1 SCR0603F120R
Added Member To Class: ClassName=GRITS Pi Hat Member=Component U1 THVD1500D
Added Member To Class: ClassName=GRITS Pi Hat Member=Component U2 SM712.TCT
Added Rule: Name=Schematic Supply Nets
Added Rule: Name=Schematic Supply Nets_1
